<?xml version="1.0" encoding="UTF-8"?>
<!-- Generated by org.testng.reporters.JUnitXMLReporter -->
<testsuite ignored="0" hostname="DESKTOP-8HBP6N5" failures="0" tests="3" name="Default test" time="31.224" errors="0" timestamp="2024-01-10T23:20:52 EST">
  <testcase classname="WebScrapTest" name="webScrapeTest" time="16.887"/>
  <testcase classname="WebScrapTest" name="webScrapeTest" time="8.462"/>
  <testcase classname="WebScrapTest" name="webScrapeTest" time="4.004"/>
</testsuite> <!-- Default test -->
